Performing C SOURCE FILE Test CMAKE_HAVE_LIBC_PTHREAD failed with the following output:
Change Dir: /home/newuser/mprpc/build/CMakeFiles/CMakeScratch/TryCompile-D7yp7m

Run Build Command(s):/usr/bin/make -f Makefile cmTC_c458d/fast && /usr/bin/make  -f CMakeFiles/cmTC_c458d.dir/build.make CMakeFiles/cmTC_c458d.dir/build
make[1]: 进入目录“/home/newuser/mprpc/build/CMakeFiles/CMakeScratch/TryCompile-D7yp7m”
Building C object CMakeFiles/cmTC_c458d.dir/src.c.o
/usr/bin/cc -DCMAKE_HAVE_LIBC_PTHREAD   -o CMakeFiles/cmTC_c458d.dir/src.c.o -c /home/newuser/mprpc/build/CMakeFiles/CMakeScratch/TryCompile-D7yp7m/src.c
Linking C executable cmTC_c458d
/usr/bin/cmake -E cmake_link_script CMakeFiles/cmTC_c458d.dir/link.txt --verbose=1
/usr/bin/cc CMakeFiles/cmTC_c458d.dir/src.c.o -o cmTC_c458d 
/usr/bin/ld: CMakeFiles/cmTC_c458d.dir/src.c.o: in function `main':
src.c:(.text+0x3e): undefined reference to `pthread_create'
/usr/bin/ld: src.c:(.text+0x4a): undefined reference to `pthread_detach'
/usr/bin/ld: src.c:(.text+0x56): undefined reference to `pthread_cancel'
/usr/bin/ld: src.c:(.text+0x67): undefined reference to `pthread_join'
collect2: error: ld returned 1 exit status
make[1]: *** [CMakeFiles/cmTC_c458d.dir/build.make:99：cmTC_c458d] 错误 1
make[1]: 离开目录“/home/newuser/mprpc/build/CMakeFiles/CMakeScratch/TryCompile-D7yp7m”
make: *** [Makefile:127：cmTC_c458d/fast] 错误 2


Source file was:
#include <pthread.h>

static void* test_func(void* data)
{
  return data;
}

int main(void)
{
  pthread_t thread;
  pthread_create(&thread, NULL, test_func, NULL);
  pthread_detach(thread);
  pthread_cancel(thread);
  pthread_join(thread, NULL);
  pthread_atfork(NULL, NULL, NULL);
  pthread_exit(NULL);

  return 0;
}


Determining if the function pthread_create exists in the pthreads failed with the following output:
Change Dir: /home/newuser/mprpc/build/CMakeFiles/CMakeScratch/TryCompile-63SjVm

Run Build Command(s):/usr/bin/make -f Makefile cmTC_68ef2/fast && /usr/bin/make  -f CMakeFiles/cmTC_68ef2.dir/build.make CMakeFiles/cmTC_68ef2.dir/build
make[1]: 进入目录“/home/newuser/mprpc/build/CMakeFiles/CMakeScratch/TryCompile-63SjVm”
Building C object CMakeFiles/cmTC_68ef2.dir/CheckFunctionExists.c.o
/usr/bin/cc   -DCHECK_FUNCTION_EXISTS=pthread_create -o CMakeFiles/cmTC_68ef2.dir/CheckFunctionExists.c.o -c /home/newuser/mprpc/build/CMakeFiles/CMakeScratch/TryCompile-63SjVm/CheckFunctionExists.c
Linking C executable cmTC_68ef2
/usr/bin/cmake -E cmake_link_script CMakeFiles/cmTC_68ef2.dir/link.txt --verbose=1
/usr/bin/cc  -DCHECK_FUNCTION_EXISTS=pthread_create CMakeFiles/cmTC_68ef2.dir/CheckFunctionExists.c.o -o cmTC_68ef2  -lpthreads 
/usr/bin/ld: 找不到 -lpthreads
collect2: error: ld returned 1 exit status
make[1]: *** [CMakeFiles/cmTC_68ef2.dir/build.make:99：cmTC_68ef2] 错误 1
make[1]: 离开目录“/home/newuser/mprpc/build/CMakeFiles/CMakeScratch/TryCompile-63SjVm”
make: *** [Makefile:127：cmTC_68ef2/fast] 错误 2



